Picked up _JAVA_OPTIONS: -Duser.language=en -Duser.country=US
2020-11-23 16:39:21,752 WARN util.NativeCodeLoader: Unable to load native-hadoop library for your platform... using builtin-java classes where applicable
Picked up _JAVA_OPTIONS: -Duser.language=en -Duser.country=US
2020-11-23 16:39:22,930 WARN util.NativeCodeLoader: Unable to load native-hadoop library for your platform... using builtin-java classes where applicable
Picked up _JAVA_OPTIONS: -Duser.language=en -Duser.country=US
2020-11-23 16:39:24,288 WARN streaming.StreamJob: -file option is deprecated, please use generic option -files instead.
2020-11-23 16:39:24,365 WARN util.NativeCodeLoader: Unable to load native-hadoop library for your platform... using builtin-java classes where applicable
2020-11-23 16:39:25,080 INFO impl.MetricsConfig: Loaded properties from hadoop-metrics2.properties
2020-11-23 16:39:25,127 INFO impl.MetricsSystemImpl: Scheduled Metric snapshot period at 10 second(s).
2020-11-23 16:39:25,127 INFO impl.MetricsSystemImpl: JobTracker metrics system started
2020-11-23 16:39:25,138 WARN impl.MetricsSystemImpl: JobTracker metrics system already initialized!
2020-11-23 16:39:25,451 INFO mapred.FileInputFormat: Total input files to process : 1
2020-11-23 16:39:25,564 INFO mapreduce.JobSubmitter: number of splits:1
2020-11-23 16:39:25,697 INFO mapreduce.JobSubmitter: Submitting tokens for job: job_local859960522_0001
2020-11-23 16:39:25,697 INFO mapreduce.JobSubmitter: Executing with tokens: []
2020-11-23 16:39:25,945 INFO mapred.LocalDistributedCacheManager: Localized file:/Users/syeruvala/Exercism/python/hadoop_mini_project/accident_count_mapper.py as file:/usr/local/Cellar/hadoop/3.3.0/libexec/etc/hadoop/hdfs/tmp/mapred/local/job_local859960522_0001_308e2882-90c6-4261-856b-39e0ab9971b8/accident_count_mapper.py
2020-11-23 16:39:25,988 INFO mapred.LocalDistributedCacheManager: Localized file:/Users/syeruvala/Exercism/python/hadoop_mini_project/accident_count_reducer.py as file:/usr/local/Cellar/hadoop/3.3.0/libexec/etc/hadoop/hdfs/tmp/mapred/local/job_local859960522_0001_2f3147fc-f4b0-41bb-bd91-6433f9727759/accident_count_reducer.py
2020-11-23 16:39:26,067 INFO mapreduce.Job: The url to track the job: http://localhost:8080/
2020-11-23 16:39:26,068 INFO mapred.LocalJobRunner: OutputCommitter set in config null
2020-11-23 16:39:26,068 INFO mapreduce.Job: Running job: job_local859960522_0001
2020-11-23 16:39:26,069 INFO mapred.LocalJobRunner: OutputCommitter is org.apache.hadoop.mapred.FileOutputCommitter
2020-11-23 16:39:26,071 INFO output.FileOutputCommitter: File Output Committer Algorithm version is 2
2020-11-23 16:39:26,072 INFO output.FileOutputCommitter: FileOutputCommitter skip cleanup _temporary folders under output directory:false, ignore cleanup failures: false
2020-11-23 16:39:26,099 INFO mapred.LocalJobRunner: Waiting for map tasks
2020-11-23 16:39:26,102 INFO mapred.LocalJobRunner: Starting task: attempt_local859960522_0001_m_000000_0
2020-11-23 16:39:26,119 INFO output.FileOutputCommitter: File Output Committer Algorithm version is 2
2020-11-23 16:39:26,119 INFO output.FileOutputCommitter: FileOutputCommitter skip cleanup _temporary folders under output directory:false, ignore cleanup failures: false
2020-11-23 16:39:26,124 INFO util.ProcfsBasedProcessTree: ProcfsBasedProcessTree currently is supported only on Linux.
2020-11-23 16:39:26,124 INFO mapred.Task:  Using ResourceCalculatorProcessTree : null
2020-11-23 16:39:26,129 INFO mapred.MapTask: Processing split: hdfs://localhost:8020/mapred/data.csv:0+993
2020-11-23 16:39:26,145 INFO mapred.MapTask: numReduceTasks: 1
2020-11-23 16:39:26,202 INFO mapred.MapTask: (EQUATOR) 0 kvi 26214396(104857584)
2020-11-23 16:39:26,202 INFO mapred.MapTask: mapreduce.task.io.sort.mb: 100
2020-11-23 16:39:26,202 INFO mapred.MapTask: soft limit at 83886080
2020-11-23 16:39:26,202 INFO mapred.MapTask: bufstart = 0; bufvoid = 104857600
2020-11-23 16:39:26,202 INFO mapred.MapTask: kvstart = 26214396; length = 6553600
2020-11-23 16:39:26,205 INFO mapred.MapTask: Map output collector class = org.apache.hadoop.mapred.MapTask$MapOutputBuffer
2020-11-23 16:39:26,214 INFO streaming.PipeMapRed: PipeMapRed exec [/Users/syeruvala/Exercism/python/hadoop_mini_project/./accident_count_mapper.py]
2020-11-23 16:39:26,217 INFO Configuration.deprecation: mapred.work.output.dir is deprecated. Instead, use mapreduce.task.output.dir
2020-11-23 16:39:26,217 INFO Configuration.deprecation: map.input.start is deprecated. Instead, use mapreduce.map.input.start
2020-11-23 16:39:26,218 INFO Configuration.deprecation: mapred.task.is.map is deprecated. Instead, use mapreduce.task.ismap
2020-11-23 16:39:26,218 INFO Configuration.deprecation: mapred.task.id is deprecated. Instead, use mapreduce.task.attempt.id
2020-11-23 16:39:26,218 INFO Configuration.deprecation: mapred.tip.id is deprecated. Instead, use mapreduce.task.id
2020-11-23 16:39:26,218 INFO Configuration.deprecation: mapred.local.dir is deprecated. Instead, use mapreduce.cluster.local.dir
2020-11-23 16:39:26,218 INFO Configuration.deprecation: map.input.file is deprecated. Instead, use mapreduce.map.input.file
2020-11-23 16:39:26,219 INFO Configuration.deprecation: mapred.skip.on is deprecated. Instead, use mapreduce.job.skiprecords
2020-11-23 16:39:26,219 INFO Configuration.deprecation: map.input.length is deprecated. Instead, use mapreduce.map.input.length
2020-11-23 16:39:26,219 INFO Configuration.deprecation: mapred.job.id is deprecated. Instead, use mapreduce.job.id
2020-11-23 16:39:26,219 INFO Configuration.deprecation: user.name is deprecated. Instead, use mapreduce.job.user.name
2020-11-23 16:39:26,219 INFO Configuration.deprecation: mapred.task.partition is deprecated. Instead, use mapreduce.task.partition
2020-11-23 16:39:26,293 INFO streaming.PipeMapRed: R/W/S=1/0/0 in:NA [rec/s] out:NA [rec/s]
2020-11-23 16:39:26,294 INFO streaming.PipeMapRed: R/W/S=10/0/0 in:NA [rec/s] out:NA [rec/s]
2020-11-23 16:39:26,295 INFO streaming.PipeMapRed: Records R/W=16/1
2020-11-23 16:39:26,297 INFO streaming.PipeMapRed: MRErrorThread done
2020-11-23 16:39:26,297 INFO streaming.PipeMapRed: mapRedFinished
2020-11-23 16:39:26,299 INFO mapred.LocalJobRunner: 
2020-11-23 16:39:26,299 INFO mapred.MapTask: Starting flush of map output
2020-11-23 16:39:26,299 INFO mapred.MapTask: Spilling map output
2020-11-23 16:39:26,299 INFO mapred.MapTask: bufstart = 0; bufend = 504; bufvoid = 104857600
2020-11-23 16:39:26,299 INFO mapred.MapTask: kvstart = 26214396(104857584); kvend = 26214336(104857344); length = 61/6553600
2020-11-23 16:39:26,327 INFO mapred.MapTask: Finished spill 0
2020-11-23 16:39:26,343 INFO mapred.Task: Task:attempt_local859960522_0001_m_000000_0 is done. And is in the process of committing
2020-11-23 16:39:26,345 INFO mapred.LocalJobRunner: Records R/W=16/1
2020-11-23 16:39:26,345 INFO mapred.Task: Task 'attempt_local859960522_0001_m_000000_0' done.
2020-11-23 16:39:26,351 INFO mapred.Task: Final Counters for attempt_local859960522_0001_m_000000_0: Counters: 23
	File System Counters
		FILE: Number of bytes read=2888
		FILE: Number of bytes written=624386
		FILE: Number of read operations=0
		FILE: Number of large read operations=0
		FILE: Number of write operations=0
		HDFS: Number of bytes read=993
		HDFS: Number of bytes written=0
		HDFS: Number of read operations=5
		HDFS: Number of large read operations=0
		HDFS: Number of write operations=1
		HDFS: Number of bytes read erasure-coded=0
	Map-Reduce Framework
		Map input records=16
		Map output records=16
		Map output bytes=504
		Map output materialized bytes=542
		Input split bytes=89
		Combine input records=0
		Spilled Records=16
		Failed Shuffles=0
		Merged Map outputs=0
		GC time elapsed (ms)=0
		Total committed heap usage (bytes)=346554368
	File Input Format Counters 
		Bytes Read=993
2020-11-23 16:39:26,351 INFO mapred.LocalJobRunner: Finishing task: attempt_local859960522_0001_m_000000_0
2020-11-23 16:39:26,351 INFO mapred.LocalJobRunner: map task executor complete.
2020-11-23 16:39:26,353 INFO mapred.LocalJobRunner: Waiting for reduce tasks
2020-11-23 16:39:26,353 INFO mapred.LocalJobRunner: Starting task: attempt_local859960522_0001_r_000000_0
2020-11-23 16:39:26,358 INFO output.FileOutputCommitter: File Output Committer Algorithm version is 2
2020-11-23 16:39:26,358 INFO output.FileOutputCommitter: FileOutputCommitter skip cleanup _temporary folders under output directory:false, ignore cleanup failures: false
2020-11-23 16:39:26,358 INFO util.ProcfsBasedProcessTree: ProcfsBasedProcessTree currently is supported only on Linux.
2020-11-23 16:39:26,358 INFO mapred.Task:  Using ResourceCalculatorProcessTree : null
2020-11-23 16:39:26,360 INFO mapred.ReduceTask: Using ShuffleConsumerPlugin: org.apache.hadoop.mapreduce.task.reduce.Shuffle@7a9d58a1
2020-11-23 16:39:26,361 WARN impl.MetricsSystemImpl: JobTracker metrics system already initialized!
2020-11-23 16:39:26,373 INFO reduce.MergeManagerImpl: MergerManager: memoryLimit=2672505600, maxSingleShuffleLimit=668126400, mergeThreshold=1763853824, ioSortFactor=10, memToMemMergeOutputsThreshold=10
2020-11-23 16:39:26,375 INFO reduce.EventFetcher: attempt_local859960522_0001_r_000000_0 Thread started: EventFetcher for fetching Map Completion Events
2020-11-23 16:39:26,394 INFO reduce.LocalFetcher: localfetcher#1 about to shuffle output of map attempt_local859960522_0001_m_000000_0 decomp: 538 len: 542 to MEMORY
2020-11-23 16:39:26,396 INFO reduce.InMemoryMapOutput: Read 538 bytes from map-output for attempt_local859960522_0001_m_000000_0
2020-11-23 16:39:26,397 INFO reduce.MergeManagerImpl: closeInMemoryFile -> map-output of size: 538, inMemoryMapOutputs.size() -> 1, commitMemory -> 0, usedMemory ->538
2020-11-23 16:39:26,398 INFO reduce.EventFetcher: EventFetcher is interrupted.. Returning
2020-11-23 16:39:26,398 INFO mapred.LocalJobRunner: 1 / 1 copied.
2020-11-23 16:39:26,398 INFO reduce.MergeManagerImpl: finalMerge called with 1 in-memory map-outputs and 0 on-disk map-outputs
2020-11-23 16:39:26,411 INFO mapred.Merger: Merging 1 sorted segments
2020-11-23 16:39:26,411 INFO mapred.Merger: Down to the last merge-pass, with 1 segments left of total size: 515 bytes
2020-11-23 16:39:26,421 INFO reduce.MergeManagerImpl: Merged 1 segments, 538 bytes to disk to satisfy reduce memory limit
2020-11-23 16:39:26,421 INFO reduce.MergeManagerImpl: Merging 1 files, 542 bytes from disk
2020-11-23 16:39:26,422 INFO reduce.MergeManagerImpl: Merging 0 segments, 0 bytes from memory into reduce
2020-11-23 16:39:26,422 INFO mapred.Merger: Merging 1 sorted segments
2020-11-23 16:39:26,422 INFO mapred.Merger: Down to the last merge-pass, with 1 segments left of total size: 515 bytes
2020-11-23 16:39:26,422 INFO mapred.LocalJobRunner: 1 / 1 copied.
2020-11-23 16:39:26,431 INFO streaming.PipeMapRed: PipeMapRed exec [/Users/syeruvala/Exercism/python/hadoop_mini_project/./accident_count_reducer.py]
2020-11-23 16:39:26,433 INFO Configuration.deprecation: mapred.job.tracker is deprecated. Instead, use mapreduce.jobtracker.address
2020-11-23 16:39:26,433 INFO Configuration.deprecation: mapred.map.tasks is deprecated. Instead, use mapreduce.job.maps
2020-11-23 16:39:26,467 INFO streaming.PipeMapRed: R/W/S=1/0/0 in:NA [rec/s] out:NA [rec/s]
2020-11-23 16:39:26,467 INFO streaming.PipeMapRed: R/W/S=10/0/0 in:NA [rec/s] out:NA [rec/s]
2020-11-23 16:39:26,484 INFO streaming.PipeMapRed: Records R/W=16/1
2020-11-23 16:39:26,486 INFO streaming.PipeMapRed: MRErrorThread done
2020-11-23 16:39:26,487 INFO streaming.PipeMapRed: mapRedFinished
2020-11-23 16:39:26,525 INFO mapred.Task: Task:attempt_local859960522_0001_r_000000_0 is done. And is in the process of committing
2020-11-23 16:39:26,527 INFO mapred.LocalJobRunner: 1 / 1 copied.
2020-11-23 16:39:26,527 INFO mapred.Task: Task attempt_local859960522_0001_r_000000_0 is allowed to commit now
2020-11-23 16:39:26,540 INFO output.FileOutputCommitter: Saved output of task 'attempt_local859960522_0001_r_000000_0' to hdfs://localhost:8020/mapred/all_accidents
2020-11-23 16:39:26,541 INFO mapred.LocalJobRunner: Records R/W=16/1 > reduce
2020-11-23 16:39:26,541 INFO mapred.Task: Task 'attempt_local859960522_0001_r_000000_0' done.
2020-11-23 16:39:26,541 INFO mapred.Task: Final Counters for attempt_local859960522_0001_r_000000_0: Counters: 30
	File System Counters
		FILE: Number of bytes read=4004
		FILE: Number of bytes written=624928
		FILE: Number of read operations=0
		FILE: Number of large read operations=0
		FILE: Number of write operations=0
		HDFS: Number of bytes read=993
		HDFS: Number of bytes written=78
		HDFS: Number of read operations=10
		HDFS: Number of large read operations=0
		HDFS: Number of write operations=3
		HDFS: Number of bytes read erasure-coded=0
	Map-Reduce Framework
		Combine input records=0
		Combine output records=0
		Reduce input groups=5
		Reduce shuffle bytes=542
		Reduce input records=16
		Reduce output records=4
		Spilled Records=16
		Shuffled Maps =1
		Failed Shuffles=0
		Merged Map outputs=1
		GC time elapsed (ms)=0
		Total committed heap usage (bytes)=346554368
	Shuffle Errors
		BAD_ID=0
		CONNECTION=0
		IO_ERROR=0
		WRONG_LENGTH=0
		WRONG_MAP=0
		WRONG_REDUCE=0
	File Output Format Counters 
		Bytes Written=78
2020-11-23 16:39:26,541 INFO mapred.LocalJobRunner: Finishing task: attempt_local859960522_0001_r_000000_0
2020-11-23 16:39:26,541 INFO mapred.LocalJobRunner: reduce task executor complete.
2020-11-23 16:39:27,072 INFO mapreduce.Job: Job job_local859960522_0001 running in uber mode : false
2020-11-23 16:39:27,073 INFO mapreduce.Job:  map 100% reduce 100%
2020-11-23 16:39:27,073 INFO mapreduce.Job: Job job_local859960522_0001 completed successfully
2020-11-23 16:39:27,079 INFO mapreduce.Job: Counters: 36
	File System Counters
		FILE: Number of bytes read=6892
		FILE: Number of bytes written=1249314
		FILE: Number of read operations=0
		FILE: Number of large read operations=0
		FILE: Number of write operations=0
		HDFS: Number of bytes read=1986
		HDFS: Number of bytes written=78
		HDFS: Number of read operations=15
		HDFS: Number of large read operations=0
		HDFS: Number of write operations=4
		HDFS: Number of bytes read erasure-coded=0
	Map-Reduce Framework
		Map input records=16
		Map output records=16
		Map output bytes=504
		Map output materialized bytes=542
		Input split bytes=89
		Combine input records=0
		Combine output records=0
		Reduce input groups=5
		Reduce shuffle bytes=542
		Reduce input records=16
		Reduce output records=4
		Spilled Records=32
		Shuffled Maps =1
		Failed Shuffles=0
		Merged Map outputs=1
		GC time elapsed (ms)=0
		Total committed heap usage (bytes)=693108736
	Shuffle Errors
		BAD_ID=0
		CONNECTION=0
		IO_ERROR=0
		WRONG_LENGTH=0
		WRONG_MAP=0
		WRONG_REDUCE=0
	File Input Format Counters 
		Bytes Read=993
	File Output Format Counters 
		Bytes Written=78
2020-11-23 16:39:27,079 INFO streaming.StreamJob: Output directory: /mapred/all_accidents
Picked up _JAVA_OPTIONS: -Duser.language=en -Duser.country=US
2020-11-23 16:39:27,708 WARN streaming.StreamJob: -file option is deprecated, please use generic option -files instead.
2020-11-23 16:39:27,784 WARN util.NativeCodeLoader: Unable to load native-hadoop library for your platform... using builtin-java classes where applicable
2020-11-23 16:39:28,331 INFO impl.MetricsConfig: Loaded properties from hadoop-metrics2.properties
2020-11-23 16:39:28,374 INFO impl.MetricsSystemImpl: Scheduled Metric snapshot period at 10 second(s).
2020-11-23 16:39:28,374 INFO impl.MetricsSystemImpl: JobTracker metrics system started
2020-11-23 16:39:28,383 WARN impl.MetricsSystemImpl: JobTracker metrics system already initialized!
2020-11-23 16:39:28,734 INFO mapred.FileInputFormat: Total input files to process : 1
2020-11-23 16:39:28,796 INFO mapreduce.JobSubmitter: number of splits:1
2020-11-23 16:39:28,900 INFO mapreduce.JobSubmitter: Submitting tokens for job: job_local581248603_0001
2020-11-23 16:39:28,900 INFO mapreduce.JobSubmitter: Executing with tokens: []
2020-11-23 16:39:29,134 INFO mapred.LocalDistributedCacheManager: Localized file:/Users/syeruvala/Exercism/python/hadoop_mini_project/accdent_total_mapper.py as file:/usr/local/Cellar/hadoop/3.3.0/libexec/etc/hadoop/hdfs/tmp/mapred/local/job_local581248603_0001_a1ea6409-683b-41e1-80f5-7b2fb2fd1c7c/accdent_total_mapper.py
2020-11-23 16:39:29,179 INFO mapred.LocalDistributedCacheManager: Localized file:/Users/syeruvala/Exercism/python/hadoop_mini_project/accdent_total_reducer.py as file:/usr/local/Cellar/hadoop/3.3.0/libexec/etc/hadoop/hdfs/tmp/mapred/local/job_local581248603_0001_0e7a1190-ce6b-47b8-ac0f-dfb8a4e1ff15/accdent_total_reducer.py
2020-11-23 16:39:29,246 INFO mapreduce.Job: The url to track the job: http://localhost:8080/
2020-11-23 16:39:29,248 INFO mapred.LocalJobRunner: OutputCommitter set in config null
2020-11-23 16:39:29,248 INFO mapreduce.Job: Running job: job_local581248603_0001
2020-11-23 16:39:29,249 INFO mapred.LocalJobRunner: OutputCommitter is org.apache.hadoop.mapred.FileOutputCommitter
2020-11-23 16:39:29,251 INFO output.FileOutputCommitter: File Output Committer Algorithm version is 2
2020-11-23 16:39:29,251 INFO output.FileOutputCommitter: FileOutputCommitter skip cleanup _temporary folders under output directory:false, ignore cleanup failures: false
2020-11-23 16:39:29,274 INFO mapred.LocalJobRunner: Waiting for map tasks
2020-11-23 16:39:29,276 INFO mapred.LocalJobRunner: Starting task: attempt_local581248603_0001_m_000000_0
2020-11-23 16:39:29,292 INFO output.FileOutputCommitter: File Output Committer Algorithm version is 2
2020-11-23 16:39:29,292 INFO output.FileOutputCommitter: FileOutputCommitter skip cleanup _temporary folders under output directory:false, ignore cleanup failures: false
2020-11-23 16:39:29,298 INFO util.ProcfsBasedProcessTree: ProcfsBasedProcessTree currently is supported only on Linux.
2020-11-23 16:39:29,298 INFO mapred.Task:  Using ResourceCalculatorProcessTree : null
2020-11-23 16:39:29,302 INFO mapred.MapTask: Processing split: hdfs://localhost:8020/mapred/all_accidents/part-00000:0+78
2020-11-23 16:39:29,320 INFO mapred.MapTask: numReduceTasks: 1
2020-11-23 16:39:29,370 INFO mapred.MapTask: (EQUATOR) 0 kvi 26214396(104857584)
2020-11-23 16:39:29,370 INFO mapred.MapTask: mapreduce.task.io.sort.mb: 100
2020-11-23 16:39:29,370 INFO mapred.MapTask: soft limit at 83886080
2020-11-23 16:39:29,370 INFO mapred.MapTask: bufstart = 0; bufvoid = 104857600
2020-11-23 16:39:29,370 INFO mapred.MapTask: kvstart = 26214396; length = 6553600
2020-11-23 16:39:29,372 INFO mapred.MapTask: Map output collector class = org.apache.hadoop.mapred.MapTask$MapOutputBuffer
2020-11-23 16:39:29,381 INFO streaming.PipeMapRed: PipeMapRed exec [/Users/syeruvala/Exercism/python/hadoop_mini_project/./accdent_total_mapper.py]
2020-11-23 16:39:29,384 INFO Configuration.deprecation: mapred.work.output.dir is deprecated. Instead, use mapreduce.task.output.dir
2020-11-23 16:39:29,384 INFO Configuration.deprecation: map.input.start is deprecated. Instead, use mapreduce.map.input.start
2020-11-23 16:39:29,385 INFO Configuration.deprecation: mapred.task.is.map is deprecated. Instead, use mapreduce.task.ismap
2020-11-23 16:39:29,385 INFO Configuration.deprecation: mapred.task.id is deprecated. Instead, use mapreduce.task.attempt.id
2020-11-23 16:39:29,385 INFO Configuration.deprecation: mapred.tip.id is deprecated. Instead, use mapreduce.task.id
2020-11-23 16:39:29,385 INFO Configuration.deprecation: mapred.local.dir is deprecated. Instead, use mapreduce.cluster.local.dir
2020-11-23 16:39:29,385 INFO Configuration.deprecation: map.input.file is deprecated. Instead, use mapreduce.map.input.file
2020-11-23 16:39:29,385 INFO Configuration.deprecation: mapred.skip.on is deprecated. Instead, use mapreduce.job.skiprecords
2020-11-23 16:39:29,386 INFO Configuration.deprecation: map.input.length is deprecated. Instead, use mapreduce.map.input.length
2020-11-23 16:39:29,386 INFO Configuration.deprecation: mapred.job.id is deprecated. Instead, use mapreduce.job.id
2020-11-23 16:39:29,386 INFO Configuration.deprecation: user.name is deprecated. Instead, use mapreduce.job.user.name
2020-11-23 16:39:29,386 INFO Configuration.deprecation: mapred.task.partition is deprecated. Instead, use mapreduce.task.partition
2020-11-23 16:39:29,463 INFO streaming.PipeMapRed: R/W/S=1/0/0 in:NA [rec/s] out:NA [rec/s]
2020-11-23 16:39:29,465 INFO streaming.PipeMapRed: Records R/W=4/1
2020-11-23 16:39:29,467 INFO streaming.PipeMapRed: MRErrorThread done
2020-11-23 16:39:29,467 INFO streaming.PipeMapRed: mapRedFinished
2020-11-23 16:39:29,469 INFO mapred.LocalJobRunner: 
2020-11-23 16:39:29,469 INFO mapred.MapTask: Starting flush of map output
2020-11-23 16:39:29,469 INFO mapred.MapTask: Spilling map output
2020-11-23 16:39:29,469 INFO mapred.MapTask: bufstart = 0; bufend = 58; bufvoid = 104857600
2020-11-23 16:39:29,469 INFO mapred.MapTask: kvstart = 26214396(104857584); kvend = 26214384(104857536); length = 13/6553600
2020-11-23 16:39:29,495 INFO mapred.MapTask: Finished spill 0
2020-11-23 16:39:29,512 INFO mapred.Task: Task:attempt_local581248603_0001_m_000000_0 is done. And is in the process of committing
2020-11-23 16:39:29,514 INFO mapred.LocalJobRunner: Records R/W=4/1
2020-11-23 16:39:29,514 INFO mapred.Task: Task 'attempt_local581248603_0001_m_000000_0' done.
2020-11-23 16:39:29,520 INFO mapred.Task: Final Counters for attempt_local581248603_0001_m_000000_0: Counters: 23
	File System Counters
		FILE: Number of bytes read=2030
		FILE: Number of bytes written=623052
		FILE: Number of read operations=0
		FILE: Number of large read operations=0
		FILE: Number of write operations=0
		HDFS: Number of bytes read=78
		HDFS: Number of bytes written=0
		HDFS: Number of read operations=5
		HDFS: Number of large read operations=0
		HDFS: Number of write operations=1
		HDFS: Number of bytes read erasure-coded=0
	Map-Reduce Framework
		Map input records=4
		Map output records=4
		Map output bytes=58
		Map output materialized bytes=72
		Input split bytes=105
		Combine input records=0
		Spilled Records=4
		Failed Shuffles=0
		Merged Map outputs=0
		GC time elapsed (ms)=0
		Total committed heap usage (bytes)=347602944
	File Input Format Counters 
		Bytes Read=78
2020-11-23 16:39:29,520 INFO mapred.LocalJobRunner: Finishing task: attempt_local581248603_0001_m_000000_0
2020-11-23 16:39:29,520 INFO mapred.LocalJobRunner: map task executor complete.
2020-11-23 16:39:29,522 INFO mapred.LocalJobRunner: Waiting for reduce tasks
2020-11-23 16:39:29,522 INFO mapred.LocalJobRunner: Starting task: attempt_local581248603_0001_r_000000_0
2020-11-23 16:39:29,527 INFO output.FileOutputCommitter: File Output Committer Algorithm version is 2
2020-11-23 16:39:29,527 INFO output.FileOutputCommitter: FileOutputCommitter skip cleanup _temporary folders under output directory:false, ignore cleanup failures: false
2020-11-23 16:39:29,527 INFO util.ProcfsBasedProcessTree: ProcfsBasedProcessTree currently is supported only on Linux.
2020-11-23 16:39:29,527 INFO mapred.Task:  Using ResourceCalculatorProcessTree : null
2020-11-23 16:39:29,529 INFO mapred.ReduceTask: Using ShuffleConsumerPlugin: org.apache.hadoop.mapreduce.task.reduce.Shuffle@5fe586fd
2020-11-23 16:39:29,530 WARN impl.MetricsSystemImpl: JobTracker metrics system already initialized!
2020-11-23 16:39:29,543 INFO reduce.MergeManagerImpl: MergerManager: memoryLimit=2672505600, maxSingleShuffleLimit=668126400, mergeThreshold=1763853824, ioSortFactor=10, memToMemMergeOutputsThreshold=10
2020-11-23 16:39:29,544 INFO reduce.EventFetcher: attempt_local581248603_0001_r_000000_0 Thread started: EventFetcher for fetching Map Completion Events
2020-11-23 16:39:29,564 INFO reduce.LocalFetcher: localfetcher#1 about to shuffle output of map attempt_local581248603_0001_m_000000_0 decomp: 68 len: 72 to MEMORY
2020-11-23 16:39:29,565 INFO reduce.InMemoryMapOutput: Read 68 bytes from map-output for attempt_local581248603_0001_m_000000_0
2020-11-23 16:39:29,566 INFO reduce.MergeManagerImpl: closeInMemoryFile -> map-output of size: 68, inMemoryMapOutputs.size() -> 1, commitMemory -> 0, usedMemory ->68
2020-11-23 16:39:29,567 INFO reduce.EventFetcher: EventFetcher is interrupted.. Returning
2020-11-23 16:39:29,568 INFO mapred.LocalJobRunner: 1 / 1 copied.
2020-11-23 16:39:29,568 INFO reduce.MergeManagerImpl: finalMerge called with 1 in-memory map-outputs and 0 on-disk map-outputs
2020-11-23 16:39:29,581 INFO mapred.Merger: Merging 1 sorted segments
2020-11-23 16:39:29,581 INFO mapred.Merger: Down to the last merge-pass, with 1 segments left of total size: 53 bytes
2020-11-23 16:39:29,592 INFO reduce.MergeManagerImpl: Merged 1 segments, 68 bytes to disk to satisfy reduce memory limit
2020-11-23 16:39:29,592 INFO reduce.MergeManagerImpl: Merging 1 files, 72 bytes from disk
2020-11-23 16:39:29,593 INFO reduce.MergeManagerImpl: Merging 0 segments, 0 bytes from memory into reduce
2020-11-23 16:39:29,593 INFO mapred.Merger: Merging 1 sorted segments
2020-11-23 16:39:29,593 INFO mapred.Merger: Down to the last merge-pass, with 1 segments left of total size: 53 bytes
2020-11-23 16:39:29,594 INFO mapred.LocalJobRunner: 1 / 1 copied.
2020-11-23 16:39:29,602 INFO streaming.PipeMapRed: PipeMapRed exec [/Users/syeruvala/Exercism/python/hadoop_mini_project/./accdent_total_reducer.py]
2020-11-23 16:39:29,605 INFO Configuration.deprecation: mapred.job.tracker is deprecated. Instead, use mapreduce.jobtracker.address
2020-11-23 16:39:29,605 INFO Configuration.deprecation: mapred.map.tasks is deprecated. Instead, use mapreduce.job.maps
2020-11-23 16:39:29,641 INFO streaming.PipeMapRed: R/W/S=1/0/0 in:NA [rec/s] out:NA [rec/s]
2020-11-23 16:39:29,657 INFO streaming.PipeMapRed: Records R/W=4/1
2020-11-23 16:39:29,659 INFO streaming.PipeMapRed: MRErrorThread done
2020-11-23 16:39:29,660 INFO streaming.PipeMapRed: mapRedFinished
2020-11-23 16:39:29,698 INFO mapred.Task: Task:attempt_local581248603_0001_r_000000_0 is done. And is in the process of committing
2020-11-23 16:39:29,699 INFO mapred.LocalJobRunner: 1 / 1 copied.
2020-11-23 16:39:29,699 INFO mapred.Task: Task attempt_local581248603_0001_r_000000_0 is allowed to commit now
2020-11-23 16:39:29,707 INFO output.FileOutputCommitter: Saved output of task 'attempt_local581248603_0001_r_000000_0' to hdfs://localhost:8020/mapred/make_year_count
2020-11-23 16:39:29,708 INFO mapred.LocalJobRunner: Records R/W=4/1 > reduce
2020-11-23 16:39:29,708 INFO mapred.Task: Task 'attempt_local581248603_0001_r_000000_0' done.
2020-11-23 16:39:29,708 INFO mapred.Task: Final Counters for attempt_local581248603_0001_r_000000_0: Counters: 30
	File System Counters
		FILE: Number of bytes read=2206
		FILE: Number of bytes written=623124
		FILE: Number of read operations=0
		FILE: Number of large read operations=0
		FILE: Number of write operations=0
		HDFS: Number of bytes read=78
		HDFS: Number of bytes written=43
		HDFS: Number of read operations=10
		HDFS: Number of large read operations=0
		HDFS: Number of write operations=3
		HDFS: Number of bytes read erasure-coded=0
	Map-Reduce Framework
		Combine input records=0
		Combine output records=0
		Reduce input groups=3
		Reduce shuffle bytes=72
		Reduce input records=4
		Reduce output records=3
		Spilled Records=4
		Shuffled Maps =1
		Failed Shuffles=0
		Merged Map outputs=1
		GC time elapsed (ms)=0
		Total committed heap usage (bytes)=347602944
	Shuffle Errors
		BAD_ID=0
		CONNECTION=0
		IO_ERROR=0
		WRONG_LENGTH=0
		WRONG_MAP=0
		WRONG_REDUCE=0
	File Output Format Counters 
		Bytes Written=43
2020-11-23 16:39:29,708 INFO mapred.LocalJobRunner: Finishing task: attempt_local581248603_0001_r_000000_0
2020-11-23 16:39:29,708 INFO mapred.LocalJobRunner: reduce task executor complete.
2020-11-23 16:39:30,253 INFO mapreduce.Job: Job job_local581248603_0001 running in uber mode : false
2020-11-23 16:39:30,254 INFO mapreduce.Job:  map 100% reduce 100%
2020-11-23 16:39:30,256 INFO mapreduce.Job: Job job_local581248603_0001 completed successfully
2020-11-23 16:39:30,262 INFO mapreduce.Job: Counters: 36
	File System Counters
		FILE: Number of bytes read=4236
		FILE: Number of bytes written=1246176
		FILE: Number of read operations=0
		FILE: Number of large read operations=0
		FILE: Number of write operations=0
		HDFS: Number of bytes read=156
		HDFS: Number of bytes written=43
		HDFS: Number of read operations=15
		HDFS: Number of large read operations=0
		HDFS: Number of write operations=4
		HDFS: Number of bytes read erasure-coded=0
	Map-Reduce Framework
		Map input records=4
		Map output records=4
		Map output bytes=58
		Map output materialized bytes=72
		Input split bytes=105
		Combine input records=0
		Combine output records=0
		Reduce input groups=3
		Reduce shuffle bytes=72
		Reduce input records=4
		Reduce output records=3
		Spilled Records=8
		Shuffled Maps =1
		Failed Shuffles=0
		Merged Map outputs=1
		GC time elapsed (ms)=0
		Total committed heap usage (bytes)=695205888
	Shuffle Errors
		BAD_ID=0
		CONNECTION=0
		IO_ERROR=0
		WRONG_LENGTH=0
		WRONG_MAP=0
		WRONG_REDUCE=0
	File Input Format Counters 
		Bytes Read=78
	File Output Format Counters 
		Bytes Written=43
2020-11-23 16:39:30,262 INFO streaming.StreamJob: Output directory: /mapred/make_year_count
